[2022-07-06 18:05:17.734] [renderer1] [error] Unable to figure out browser width and height: Error: Unable to figure out browser width and height
    at V (vscode-file://vscode-app/snap/code/99/usr/share/code/resources/app/out/vs/workbench/workbench.desktop.main.js:71:31593)
    at w.load (vscode-file://vscode-app/snap/code/99/usr/share/code/resources/app/out/vs/workbench/workbench.desktop.main.js:1753:65434)
    at N.initLayoutState (vscode-file://vscode-app/snap/code/99/usr/share/code/resources/app/out/vs/workbench/workbench.desktop.main.js:3054:13647)
    at N.initLayout (vscode-file://vscode-app/snap/code/99/usr/share/code/resources/app/out/vs/workbench/workbench.desktop.main.js:3054:9099)
    at vscode-file://vscode-app/snap/code/99/usr/share/code/resources/app/out/vs/workbench/workbench.desktop.main.js:3054:69497
    at v.invokeFunction (vscode-file://vscode-app/snap/code/99/usr/share/code/resources/app/out/vs/workbench/workbench.desktop.main.js:594:319)
    at N.startup (vscode-file://vscode-app/snap/code/99/usr/share/code/resources/app/out/vs/workbench/workbench.desktop.main.js:3054:69328)
    at Y.open (vscode-file://vscode-app/snap/code/99/usr/share/code/resources/app/out/vs/workbench/workbench.desktop.main.js:3103:53626)
    at async vscode-file://vscode-app/snap/code/99/usr/share/code/resources/app/out/bootstrap-window.js:1:3156
[2022-07-06 18:05:17.738] [renderer1] [error] Cannot read properties of undefined (reading 'runtime'): TypeError: Cannot read properties of undefined (reading 'runtime')
    at N.onWindowFocusChanged (vscode-file://vscode-app/snap/code/99/usr/share/code/resources/app/out/vs/workbench/workbench.desktop.main.js:3054:11900)
    at vscode-file://vscode-app/snap/code/99/usr/share/code/resources/app/out/vs/workbench/workbench.desktop.main.js:3054:10638
    at m.invoke (vscode-file://vscode-app/snap/code/99/usr/share/code/resources/app/out/vs/workbench/workbench.desktop.main.js:67:145)
    at s.deliver (vscode-file://vscode-app/snap/code/99/usr/share/code/resources/app/out/vs/workbench/workbench.desktop.main.js:67:2265)
    at o.fire (vscode-file://vscode-app/snap/code/99/usr/share/code/resources/app/out/vs/workbench/workbench.desktop.main.js:67:1843)
    at vscode-file://vscode-app/snap/code/99/usr/share/code/resources/app/out/vs/workbench/workbench.desktop.main.js:65:49581
    at vscode-file://vscode-app/snap/code/99/usr/share/code/resources/app/out/vs/workbench/workbench.desktop.main.js:65:49734
    at m.invoke (vscode-file://vscode-app/snap/code/99/usr/share/code/resources/app/out/vs/workbench/workbench.desktop.main.js:67:145)
    at s.deliver (vscode-file://vscode-app/snap/code/99/usr/share/code/resources/app/out/vs/workbench/workbench.desktop.main.js:67:2265)
    at o.fire (vscode-file://vscode-app/snap/code/99/usr/share/code/resources/app/out/vs/workbench/workbench.desktop.main.js:67:1843)
    at vscode-file://vscode-app/snap/code/99/usr/share/code/resources/app/out/vs/workbench/workbench.desktop.main.js:65:49393
    at m.invoke (vscode-file://vscode-app/snap/code/99/usr/share/code/resources/app/out/vs/workbench/workbench.desktop.main.js:67:145)
    at s.deliver (vscode-file://vscode-app/snap/code/99/usr/share/code/resources/app/out/vs/workbench/workbench.desktop.main.js:67:2265)
    at o.fire (vscode-file://vscode-app/snap/code/99/usr/share/code/resources/app/out/vs/workbench/workbench.desktop.main.js:67:1843)
    at vscode-file://vscode-app/snap/code/99/usr/share/code/resources/app/out/vs/workbench/workbench.desktop.main.js:65:49581
    at m.invoke (vscode-file://vscode-app/snap/code/99/usr/share/code/resources/app/out/vs/workbench/workbench.desktop.main.js:67:145)
    at s.deliver (vscode-file://vscode-app/snap/code/99/usr/share/code/resources/app/out/vs/workbench/workbench.desktop.main.js:67:2265)
    at o.fire (vscode-file://vscode-app/snap/code/99/usr/share/code/resources/app/out/vs/workbench/workbench.desktop.main.js:67:1843)
    at Y (vscode-file://vscode-app/snap/code/99/usr/share/code/resources/app/out/vs/workbench/workbench.desktop.main.js:83:3415)
    at D.onResponse (vscode-file://vscode-app/snap/code/99/usr/share/code/resources/app/out/vs/workbench/workbench.desktop.main.js:83:4389)
    at D.onBuffer (vscode-file://vscode-app/snap/code/99/usr/share/code/resources/app/out/vs/workbench/workbench.desktop.main.js:83:4229)
    at vscode-file://vscode-app/snap/code/99/usr/share/code/resources/app/out/vs/workbench/workbench.desktop.main.js:83:1817
    at m.invoke (vscode-file://vscode-app/snap/code/99/usr/share/code/resources/app/out/vs/workbench/workbench.desktop.main.js:67:145)
    at s.deliver (vscode-file://vscode-app/snap/code/99/usr/share/code/resources/app/out/vs/workbench/workbench.desktop.main.js:67:2265)
    at o.fire (vscode-file://vscode-app/snap/code/99/usr/share/code/resources/app/out/vs/workbench/workbench.desktop.main.js:67:1843)
    at EventEmitter.Y (vscode-file://vscode-app/snap/code/99/usr/share/code/resources/app/out/vs/workbench/workbench.desktop.main.js:65:51343)
    at EventEmitter.emit (node:events:390:28)
    at Object.onMessage (node:electron/js2c/renderer_init:81:881)
[2022-07-06 18:05:18.087] [renderer1] [error] Cannot read properties of undefined (reading 'dispose'): TypeError: Cannot read properties of undefined (reading 'dispose')
    at Function.get cache [as cache] (vscode-file://vscode-app/snap/code/99/usr/share/code/resources/app/out/vs/workbench/workbench.desktop.main.js:1982:1682)
    at new N (vscode-file://vscode-app/snap/code/99/usr/share/code/resources/app/out/vs/workbench/workbench.desktop.main.js:1974:25752)
    at v._createInstance (vscode-file://vscode-app/snap/code/99/usr/share/code/resources/app/out/vs/workbench/workbench.desktop.main.js:594:1332)
    at v._createServiceInstance (vscode-file://vscode-app/snap/code/99/usr/share/code/resources/app/out/vs/workbench/workbench.desktop.main.js:594:3729)
    at v._createServiceInstanceWithOwner (vscode-file://vscode-app/snap/code/99/usr/share/code/resources/app/out/vs/workbench/workbench.desktop.main.js:594:3245)
    at v._createAndCacheServiceInstance (vscode-file://vscode-app/snap/code/99/usr/share/code/resources/app/out/vs/workbench/workbench.desktop.main.js:594:2920)
    at v._safeCreateAndCacheServiceInstance (vscode-file://vscode-app/snap/code/99/usr/share/code/resources/app/out/vs/workbench/workbench.desktop.main.js:594:2122)
    at v._getOrCreateServiceInstance (vscode-file://vscode-app/snap/code/99/usr/share/code/resources/app/out/vs/workbench/workbench.desktop.main.js:594:1843)
    at v._createInstance (vscode-file://vscode-app/snap/code/99/usr/share/code/resources/app/out/vs/workbench/workbench.desktop.main.js:594:937)
    at v.createInstance (vscode-file://vscode-app/snap/code/99/usr/share/code/resources/app/out/vs/workbench/workbench.desktop.main.js:594:773)
    at Ss._createExtensionHostCustomers (vscode-file://vscode-app/snap/code/99/usr/share/code/resources/app/out/vs/workbench/workbench.desktop.main.js:1982:7761)
    at vscode-file://vscode-app/snap/code/99/usr/share/code/resources/app/out/vs/workbench/workbench.desktop.main.js:1982:5199
    at processTicksAndRejections (node:internal/process/task_queues:96:5)
[2022-07-06 18:05:18.096] [renderer1] [error] Unknown actor MainThreadTerminalService: Error: Unknown actor MainThreadTerminalService
    at b._doInvokeHandler (vscode-file://vscode-app/snap/code/99/usr/share/code/resources/app/out/vs/workbench/workbench.desktop.main.js:1731:13009)
    at b._invokeHandler (vscode-file://vscode-app/snap/code/99/usr/share/code/resources/app/out/vs/workbench/workbench.desktop.main.js:1731:12889)
    at b._receiveRequest (vscode-file://vscode-app/snap/code/99/usr/share/code/resources/app/out/vs/workbench/workbench.desktop.main.js:1731:11551)
    at b._receiveOneMessage (vscode-file://vscode-app/snap/code/99/usr/share/code/resources/app/out/vs/workbench/workbench.desktop.main.js:1731:10229)
    at vscode-file://vscode-app/snap/code/99/usr/share/code/resources/app/out/vs/workbench/workbench.desktop.main.js:1731:8338
    at m.invoke (vscode-file://vscode-app/snap/code/99/usr/share/code/resources/app/out/vs/workbench/workbench.desktop.main.js:67:145)
    at s.deliver (vscode-file://vscode-app/snap/code/99/usr/share/code/resources/app/out/vs/workbench/workbench.desktop.main.js:67:2265)
    at o.fire (vscode-file://vscode-app/snap/code/99/usr/share/code/resources/app/out/vs/workbench/workbench.desktop.main.js:67:1843)
    at c._deliverMessages (vscode-file://vscode-app/snap/code/99/usr/share/code/resources/app/out/vs/workbench/workbench.desktop.main.js:83:19455)
    at vscode-file://vscode-app/snap/code/99/usr/share/code/resources/app/out/vs/workbench/workbench.desktop.main.js:83:19200
    at processTicksAndRejections (node:internal/process/task_queues:96:5)
[2022-07-06 18:05:18.096] [renderer1] [error] Unknown actor MainThreadSearch: Error: Unknown actor MainThreadSearch
    at b._doInvokeHandler (vscode-file://vscode-app/snap/code/99/usr/share/code/resources/app/out/vs/workbench/workbench.desktop.main.js:1731:13009)
    at b._invokeHandler (vscode-file://vscode-app/snap/code/99/usr/share/code/resources/app/out/vs/workbench/workbench.desktop.main.js:1731:12889)
    at b._receiveRequest (vscode-file://vscode-app/snap/code/99/usr/share/code/resources/app/out/vs/workbench/workbench.desktop.main.js:1731:11551)
    at b._receiveOneMessage (vscode-file://vscode-app/snap/code/99/usr/share/code/resources/app/out/vs/workbench/workbench.desktop.main.js:1731:10229)
    at vscode-file://vscode-app/snap/code/99/usr/share/code/resources/app/out/vs/workbench/workbench.desktop.main.js:1731:8338
    at m.invoke (vscode-file://vscode-app/snap/code/99/usr/share/code/resources/app/out/vs/workbench/workbench.desktop.main.js:67:145)
    at s.deliver (vscode-file://vscode-app/snap/code/99/usr/share/code/resources/app/out/vs/workbench/workbench.desktop.main.js:67:2265)
    at o.fire (vscode-file://vscode-app/snap/code/99/usr/share/code/resources/app/out/vs/workbench/workbench.desktop.main.js:67:1843)
    at c._deliverMessages (vscode-file://vscode-app/snap/code/99/usr/share/code/resources/app/out/vs/workbench/workbench.desktop.main.js:83:19455)
    at vscode-file://vscode-app/snap/code/99/usr/share/code/resources/app/out/vs/workbench/workbench.desktop.main.js:83:19200
    at processTicksAndRejections (node:internal/process/task_queues:96:5)
[2022-07-06 18:05:19.655] [renderer1] [error] Cannot read properties of undefined (reading 'runtime'): TypeError: Cannot read properties of undefined (reading 'runtime')
    at N.onWindowFocusChanged (vscode-file://vscode-app/snap/code/99/usr/share/code/resources/app/out/vs/workbench/workbench.desktop.main.js:3054:11900)
    at vscode-file://vscode-app/snap/code/99/usr/share/code/resources/app/out/vs/workbench/workbench.desktop.main.js:3054:10638
    at m.invoke (vscode-file://vscode-app/snap/code/99/usr/share/code/resources/app/out/vs/workbench/workbench.desktop.main.js:67:145)
    at s.deliver (vscode-file://vscode-app/snap/code/99/usr/share/code/resources/app/out/vs/workbench/workbench.desktop.main.js:67:2265)
    at o.fire (vscode-file://vscode-app/snap/code/99/usr/share/code/resources/app/out/vs/workbench/workbench.desktop.main.js:67:1843)
    at vscode-file://vscode-app/snap/code/99/usr/share/code/resources/app/out/vs/workbench/workbench.desktop.main.js:65:49581
    at vscode-file://vscode-app/snap/code/99/usr/share/code/resources/app/out/vs/workbench/workbench.desktop.main.js:65:49734
    at m.invoke (vscode-file://vscode-app/snap/code/99/usr/share/code/resources/app/out/vs/workbench/workbench.desktop.main.js:67:145)
    at s.deliver (vscode-file://vscode-app/snap/code/99/usr/share/code/resources/app/out/vs/workbench/workbench.desktop.main.js:67:2265)
    at o.fire (vscode-file://vscode-app/snap/code/99/usr/share/code/resources/app/out/vs/workbench/workbench.desktop.main.js:67:1843)
    at vscode-file://vscode-app/snap/code/99/usr/share/code/resources/app/out/vs/workbench/workbench.desktop.main.js:65:49393
    at m.invoke (vscode-file://vscode-app/snap/code/99/usr/share/code/resources/app/out/vs/workbench/workbench.desktop.main.js:67:145)
    at s.deliver (vscode-file://vscode-app/snap/code/99/usr/share/code/resources/app/out/vs/workbench/workbench.desktop.main.js:67:2265)
    at o.fire (vscode-file://vscode-app/snap/code/99/usr/share/code/resources/app/out/vs/workbench/workbench.desktop.main.js:67:1843)
    at vscode-file://vscode-app/snap/code/99/usr/share/code/resources/app/out/vs/workbench/workbench.desktop.main.js:65:49581
    at m.invoke (vscode-file://vscode-app/snap/code/99/usr/share/code/resources/app/out/vs/workbench/workbench.desktop.main.js:67:145)
    at s.deliver (vscode-file://vscode-app/snap/code/99/usr/share/code/resources/app/out/vs/workbench/workbench.desktop.main.js:67:2265)
    at o.fire (vscode-file://vscode-app/snap/code/99/usr/share/code/resources/app/out/vs/workbench/workbench.desktop.main.js:67:1843)
    at Y (vscode-file://vscode-app/snap/code/99/usr/share/code/resources/app/out/vs/workbench/workbench.desktop.main.js:83:3415)
    at D.onResponse (vscode-file://vscode-app/snap/code/99/usr/share/code/resources/app/out/vs/workbench/workbench.desktop.main.js:83:4389)
    at D.onBuffer (vscode-file://vscode-app/snap/code/99/usr/share/code/resources/app/out/vs/workbench/workbench.desktop.main.js:83:4229)
    at vscode-file://vscode-app/snap/code/99/usr/share/code/resources/app/out/vs/workbench/workbench.desktop.main.js:83:1817
    at m.invoke (vscode-file://vscode-app/snap/code/99/usr/share/code/resources/app/out/vs/workbench/workbench.desktop.main.js:67:145)
    at s.deliver (vscode-file://vscode-app/snap/code/99/usr/share/code/resources/app/out/vs/workbench/workbench.desktop.main.js:67:2265)
    at o.fire (vscode-file://vscode-app/snap/code/99/usr/share/code/resources/app/out/vs/workbench/workbench.desktop.main.js:67:1843)
    at EventEmitter.Y (vscode-file://vscode-app/snap/code/99/usr/share/code/resources/app/out/vs/workbench/workbench.desktop.main.js:65:51343)
    at EventEmitter.emit (node:events:390:28)
    at Object.onMessage (node:electron/js2c/renderer_init:81:881)
[2022-07-06 18:05:22.470] [renderer1] [error] Cannot read properties of undefined (reading 'runtime'): TypeError: Cannot read properties of undefined (reading 'runtime')
    at N.onWindowFocusChanged (vscode-file://vscode-app/snap/code/99/usr/share/code/resources/app/out/vs/workbench/workbench.desktop.main.js:3054:11900)
    at vscode-file://vscode-app/snap/code/99/usr/share/code/resources/app/out/vs/workbench/workbench.desktop.main.js:3054:10638
    at m.invoke (vscode-file://vscode-app/snap/code/99/usr/share/code/resources/app/out/vs/workbench/workbench.desktop.main.js:67:145)
    at s.deliver (vscode-file://vscode-app/snap/code/99/usr/share/code/resources/app/out/vs/workbench/workbench.desktop.main.js:67:2265)
    at o.fire (vscode-file://vscode-app/snap/code/99/usr/share/code/resources/app/out/vs/workbench/workbench.desktop.main.js:67:1843)
    at vscode-file://vscode-app/snap/code/99/usr/share/code/resources/app/out/vs/workbench/workbench.desktop.main.js:65:49581
    at vscode-file://vscode-app/snap/code/99/usr/share/code/resources/app/out/vs/workbench/workbench.desktop.main.js:65:49734
    at m.invoke (vscode-file://vscode-app/snap/code/99/usr/share/code/resources/app/out/vs/workbench/workbench.desktop.main.js:67:145)
    at s.deliver (vscode-file://vscode-app/snap/code/99/usr/share/code/resources/app/out/vs/workbench/workbench.desktop.main.js:67:2265)
    at o.fire (vscode-file://vscode-app/snap/code/99/usr/share/code/resources/app/out/vs/workbench/workbench.desktop.main.js:67:1843)
    at vscode-file://vscode-app/snap/code/99/usr/share/code/resources/app/out/vs/workbench/workbench.desktop.main.js:65:49393
    at m.invoke (vscode-file://vscode-app/snap/code/99/usr/share/code/resources/app/out/vs/workbench/workbench.desktop.main.js:67:145)
    at s.deliver (vscode-file://vscode-app/snap/code/99/usr/share/code/resources/app/out/vs/workbench/workbench.desktop.main.js:67:2265)
    at o.fire (vscode-file://vscode-app/snap/code/99/usr/share/code/resources/app/out/vs/workbench/workbench.desktop.main.js:67:1843)
    at vscode-file://vscode-app/snap/code/99/usr/share/code/resources/app/out/vs/workbench/workbench.desktop.main.js:65:49581
    at m.invoke (vscode-file://vscode-app/snap/code/99/usr/share/code/resources/app/out/vs/workbench/workbench.desktop.main.js:67:145)
    at s.deliver (vscode-file://vscode-app/snap/code/99/usr/share/code/resources/app/out/vs/workbench/workbench.desktop.main.js:67:2265)
    at o.fire (vscode-file://vscode-app/snap/code/99/usr/share/code/resources/app/out/vs/workbench/workbench.desktop.main.js:67:1843)
    at Y (vscode-file://vscode-app/snap/code/99/usr/share/code/resources/app/out/vs/workbench/workbench.desktop.main.js:83:3415)
    at D.onResponse (vscode-file://vscode-app/snap/code/99/usr/share/code/resources/app/out/vs/workbench/workbench.desktop.main.js:83:4389)
    at D.onBuffer (vscode-file://vscode-app/snap/code/99/usr/share/code/resources/app/out/vs/workbench/workbench.desktop.main.js:83:4229)
    at vscode-file://vscode-app/snap/code/99/usr/share/code/resources/app/out/vs/workbench/workbench.desktop.main.js:83:1817
    at m.invoke (vscode-file://vscode-app/snap/code/99/usr/share/code/resources/app/out/vs/workbench/workbench.desktop.main.js:67:145)
    at s.deliver (vscode-file://vscode-app/snap/code/99/usr/share/code/resources/app/out/vs/workbench/workbench.desktop.main.js:67:2265)
    at o.fire (vscode-file://vscode-app/snap/code/99/usr/share/code/resources/app/out/vs/workbench/workbench.desktop.main.js:67:1843)
    at EventEmitter.Y (vscode-file://vscode-app/snap/code/99/usr/share/code/resources/app/out/vs/workbench/workbench.desktop.main.js:65:51343)
    at EventEmitter.emit (node:events:390:28)
    at Object.onMessage (node:electron/js2c/renderer_init:81:881)
[2022-07-06 18:05:23.649] [renderer1] [error] Cannot read properties of undefined (reading 'runtime'): TypeError: Cannot read properties of undefined (reading 'runtime')
    at N.onWindowFocusChanged (vscode-file://vscode-app/snap/code/99/usr/share/code/resources/app/out/vs/workbench/workbench.desktop.main.js:3054:11900)
    at vscode-file://vscode-app/snap/code/99/usr/share/code/resources/app/out/vs/workbench/workbench.desktop.main.js:3054:10638
    at m.invoke (vscode-file://vscode-app/snap/code/99/usr/share/code/resources/app/out/vs/workbench/workbench.desktop.main.js:67:145)
    at s.deliver (vscode-file://vscode-app/snap/code/99/usr/share/code/resources/app/out/vs/workbench/workbench.desktop.main.js:67:2265)
    at o.fire (vscode-file://vscode-app/snap/code/99/usr/share/code/resources/app/out/vs/workbench/workbench.desktop.main.js:67:1843)
    at vscode-file://vscode-app/snap/code/99/usr/share/code/resources/app/out/vs/workbench/workbench.desktop.main.js:65:49581
    at vscode-file://vscode-app/snap/code/99/usr/share/code/resources/app/out/vs/workbench/workbench.desktop.main.js:65:49734
    at m.invoke (vscode-file://vscode-app/snap/code/99/usr/share/code/resources/app/out/vs/workbench/workbench.desktop.main.js:67:145)
    at s.deliver (vscode-file://vscode-app/snap/code/99/usr/share/code/resources/app/out/vs/workbench/workbench.desktop.main.js:67:2265)
    at o.fire (vscode-file://vscode-app/snap/code/99/usr/share/code/resources/app/out/vs/workbench/workbench.desktop.main.js:67:1843)
    at vscode-file://vscode-app/snap/code/99/usr/share/code/resources/app/out/vs/workbench/workbench.desktop.main.js:65:49393
    at m.invoke (vscode-file://vscode-app/snap/code/99/usr/share/code/resources/app/out/vs/workbench/workbench.desktop.main.js:67:145)
    at s.deliver (vscode-file://vscode-app/snap/code/99/usr/share/code/resources/app/out/vs/workbench/workbench.desktop.main.js:67:2265)
    at o.fire (vscode-file://vscode-app/snap/code/99/usr/share/code/resources/app/out/vs/workbench/workbench.desktop.main.js:67:1843)
    at vscode-file://vscode-app/snap/code/99/usr/share/code/resources/app/out/vs/workbench/workbench.desktop.main.js:65:49581
    at m.invoke (vscode-file://vscode-app/snap/code/99/usr/share/code/resources/app/out/vs/workbench/workbench.desktop.main.js:67:145)
    at s.deliver (vscode-file://vscode-app/snap/code/99/usr/share/code/resources/app/out/vs/workbench/workbench.desktop.main.js:67:2265)
    at o.fire (vscode-file://vscode-app/snap/code/99/usr/share/code/resources/app/out/vs/workbench/workbench.desktop.main.js:67:1843)
    at Y (vscode-file://vscode-app/snap/code/99/usr/share/code/resources/app/out/vs/workbench/workbench.desktop.main.js:83:3415)
    at D.onResponse (vscode-file://vscode-app/snap/code/99/usr/share/code/resources/app/out/vs/workbench/workbench.desktop.main.js:83:4389)
    at D.onBuffer (vscode-file://vscode-app/snap/code/99/usr/share/code/resources/app/out/vs/workbench/workbench.desktop.main.js:83:4229)
    at vscode-file://vscode-app/snap/code/99/usr/share/code/resources/app/out/vs/workbench/workbench.desktop.main.js:83:1817
    at m.invoke (vscode-file://vscode-app/snap/code/99/usr/share/code/resources/app/out/vs/workbench/workbench.desktop.main.js:67:145)
    at s.deliver (vscode-file://vscode-app/snap/code/99/usr/share/code/resources/app/out/vs/workbench/workbench.desktop.main.js:67:2265)
    at o.fire (vscode-file://vscode-app/snap/code/99/usr/share/code/resources/app/out/vs/workbench/workbench.desktop.main.js:67:1843)
    at EventEmitter.Y (vscode-file://vscode-app/snap/code/99/usr/share/code/resources/app/out/vs/workbench/workbench.desktop.main.js:65:51343)
    at EventEmitter.emit (node:events:390:28)
    at Object.onMessage (node:electron/js2c/renderer_init:81:881)
[2022-07-06 18:05:29.123] [renderer1] [error] Cannot read properties of undefined (reading 'runtime'): TypeError: Cannot read properties of undefined (reading 'runtime')
    at N.onWindowFocusChanged (vscode-file://vscode-app/snap/code/99/usr/share/code/resources/app/out/vs/workbench/workbench.desktop.main.js:3054:11900)
    at vscode-file://vscode-app/snap/code/99/usr/share/code/resources/app/out/vs/workbench/workbench.desktop.main.js:3054:10638
    at m.invoke (vscode-file://vscode-app/snap/code/99/usr/share/code/resources/app/out/vs/workbench/workbench.desktop.main.js:67:145)
    at s.deliver (vscode-file://vscode-app/snap/code/99/usr/share/code/resources/app/out/vs/workbench/workbench.desktop.main.js:67:2265)
    at o.fire (vscode-file://vscode-app/snap/code/99/usr/share/code/resources/app/out/vs/workbench/workbench.desktop.main.js:67:1843)
    at vscode-file://vscode-app/snap/code/99/usr/share/code/resources/app/out/vs/workbench/workbench.desktop.main.js:65:49581
    at vscode-file://vscode-app/snap/code/99/usr/share/code/resources/app/out/vs/workbench/workbench.desktop.main.js:65:49734
    at m.invoke (vscode-file://vscode-app/snap/code/99/usr/share/code/resources/app/out/vs/workbench/workbench.desktop.main.js:67:145)
    at s.deliver (vscode-file://vscode-app/snap/code/99/usr/share/code/resources/app/out/vs/workbench/workbench.desktop.main.js:67:2265)
    at o.fire (vscode-file://vscode-app/snap/code/99/usr/share/code/resources/app/out/vs/workbench/workbench.desktop.main.js:67:1843)
    at vscode-file://vscode-app/snap/code/99/usr/share/code/resources/app/out/vs/workbench/workbench.desktop.main.js:65:49393
    at m.invoke (vscode-file://vscode-app/snap/code/99/usr/share/code/resources/app/out/vs/workbench/workbench.desktop.main.js:67:145)
    at s.deliver (vscode-file://vscode-app/snap/code/99/usr/share/code/resources/app/out/vs/workbench/workbench.desktop.main.js:67:2265)
    at o.fire (vscode-file://vscode-app/snap/code/99/usr/share/code/resources/app/out/vs/workbench/workbench.desktop.main.js:67:1843)
    at vscode-file://vscode-app/snap/code/99/usr/share/code/resources/app/out/vs/workbench/workbench.desktop.main.js:65:49581
    at m.invoke (vscode-file://vscode-app/snap/code/99/usr/share/code/resources/app/out/vs/workbench/workbench.desktop.main.js:67:145)
    at s.deliver (vscode-file://vscode-app/snap/code/99/usr/share/code/resources/app/out/vs/workbench/workbench.desktop.main.js:67:2265)
    at o.fire (vscode-file://vscode-app/snap/code/99/usr/share/code/resources/app/out/vs/workbench/workbench.desktop.main.js:67:1843)
    at Y (vscode-file://vscode-app/snap/code/99/usr/share/code/resources/app/out/vs/workbench/workbench.desktop.main.js:83:3415)
    at D.onResponse (vscode-file://vscode-app/snap/code/99/usr/share/code/resources/app/out/vs/workbench/workbench.desktop.main.js:83:4389)
    at D.onBuffer (vscode-file://vscode-app/snap/code/99/usr/share/code/resources/app/out/vs/workbench/workbench.desktop.main.js:83:4229)
    at vscode-file://vscode-app/snap/code/99/usr/share/code/resources/app/out/vs/workbench/workbench.desktop.main.js:83:1817
    at m.invoke (vscode-file://vscode-app/snap/code/99/usr/share/code/resources/app/out/vs/workbench/workbench.desktop.main.js:67:145)
    at s.deliver (vscode-file://vscode-app/snap/code/99/usr/share/code/resources/app/out/vs/workbench/workbench.desktop.main.js:67:2265)
    at o.fire (vscode-file://vscode-app/snap/code/99/usr/share/code/resources/app/out/vs/workbench/workbench.desktop.main.js:67:1843)
    at EventEmitter.Y (vscode-file://vscode-app/snap/code/99/usr/share/code/resources/app/out/vs/workbench/workbench.desktop.main.js:65:51343)
    at EventEmitter.emit (node:events:390:28)
    at Object.onMessage (node:electron/js2c/renderer_init:81:881)
[2022-07-06 20:37:59.828] [renderer1] [error] Cannot read properties of undefined (reading 'runtime'): TypeError: Cannot read properties of undefined (reading 'runtime')
    at N.onWindowFocusChanged (vscode-file://vscode-app/snap/code/99/usr/share/code/resources/app/out/vs/workbench/workbench.desktop.main.js:3054:11900)
    at vscode-file://vscode-app/snap/code/99/usr/share/code/resources/app/out/vs/workbench/workbench.desktop.main.js:3054:10638
    at m.invoke (vscode-file://vscode-app/snap/code/99/usr/share/code/resources/app/out/vs/workbench/workbench.desktop.main.js:67:145)
    at s.deliver (vscode-file://vscode-app/snap/code/99/usr/share/code/resources/app/out/vs/workbench/workbench.desktop.main.js:67:2265)
    at o.fire (vscode-file://vscode-app/snap/code/99/usr/share/code/resources/app/out/vs/workbench/workbench.desktop.main.js:67:1843)
    at vscode-file://vscode-app/snap/code/99/usr/share/code/resources/app/out/vs/workbench/workbench.desktop.main.js:65:49581
    at vscode-file://vscode-app/snap/code/99/usr/share/code/resources/app/out/vs/workbench/workbench.desktop.main.js:65:49734
    at m.invoke (vscode-file://vscode-app/snap/code/99/usr/share/code/resources/app/out/vs/workbench/workbench.desktop.main.js:67:145)
    at s.deliver (vscode-file://vscode-app/snap/code/99/usr/share/code/resources/app/out/vs/workbench/workbench.desktop.main.js:67:2265)
    at o.fire (vscode-file://vscode-app/snap/code/99/usr/share/code/resources/app/out/vs/workbench/workbench.desktop.main.js:67:1843)
    at vscode-file://vscode-app/snap/code/99/usr/share/code/resources/app/out/vs/workbench/workbench.desktop.main.js:65:49393
    at m.invoke (vscode-file://vscode-app/snap/code/99/usr/share/code/resources/app/out/vs/workbench/workbench.desktop.main.js:67:145)
    at s.deliver (vscode-file://vscode-app/snap/code/99/usr/share/code/resources/app/out/vs/workbench/workbench.desktop.main.js:67:2265)
    at o.fire (vscode-file://vscode-app/snap/code/99/usr/share/code/resources/app/out/vs/workbench/workbench.desktop.main.js:67:1843)
    at vscode-file://vscode-app/snap/code/99/usr/share/code/resources/app/out/vs/workbench/workbench.desktop.main.js:65:49581
    at m.invoke (vscode-file://vscode-app/snap/code/99/usr/share/code/resources/app/out/vs/workbench/workbench.desktop.main.js:67:145)
    at s.deliver (vscode-file://vscode-app/snap/code/99/usr/share/code/resources/app/out/vs/workbench/workbench.desktop.main.js:67:2265)
    at o.fire (vscode-file://vscode-app/snap/code/99/usr/share/code/resources/app/out/vs/workbench/workbench.desktop.main.js:67:1843)
    at Y (vscode-file://vscode-app/snap/code/99/usr/share/code/resources/app/out/vs/workbench/workbench.desktop.main.js:83:3415)
    at D.onResponse (vscode-file://vscode-app/snap/code/99/usr/share/code/resources/app/out/vs/workbench/workbench.desktop.main.js:83:4389)
    at D.onBuffer (vscode-file://vscode-app/snap/code/99/usr/share/code/resources/app/out/vs/workbench/workbench.desktop.main.js:83:4229)
    at vscode-file://vscode-app/snap/code/99/usr/share/code/resources/app/out/vs/workbench/workbench.desktop.main.js:83:1817
    at m.invoke (vscode-file://vscode-app/snap/code/99/usr/share/code/resources/app/out/vs/workbench/workbench.desktop.main.js:67:145)
    at s.deliver (vscode-file://vscode-app/snap/code/99/usr/share/code/resources/app/out/vs/workbench/workbench.desktop.main.js:67:2265)
    at o.fire (vscode-file://vscode-app/snap/code/99/usr/share/code/resources/app/out/vs/workbench/workbench.desktop.main.js:67:1843)
    at EventEmitter.Y (vscode-file://vscode-app/snap/code/99/usr/share/code/resources/app/out/vs/workbench/workbench.desktop.main.js:65:51343)
    at EventEmitter.emit (node:events:390:28)
    at Object.onMessage (node:electron/js2c/renderer_init:81:881)
[2022-07-06 20:48:15.914] [renderer1] [error] Cannot read properties of undefined (reading 'runtime'): TypeError: Cannot read properties of undefined (reading 'runtime')
    at N.onWindowFocusChanged (vscode-file://vscode-app/snap/code/99/usr/share/code/resources/app/out/vs/workbench/workbench.desktop.main.js:3054:11900)
    at vscode-file://vscode-app/snap/code/99/usr/share/code/resources/app/out/vs/workbench/workbench.desktop.main.js:3054:10638
    at m.invoke (vscode-file://vscode-app/snap/code/99/usr/share/code/resources/app/out/vs/workbench/workbench.desktop.main.js:67:145)
    at s.deliver (vscode-file://vscode-app/snap/code/99/usr/share/code/resources/app/out/vs/workbench/workbench.desktop.main.js:67:2265)
    at o.fire (vscode-file://vscode-app/snap/code/99/usr/share/code/resources/app/out/vs/workbench/workbench.desktop.main.js:67:1843)
    at vscode-file://vscode-app/snap/code/99/usr/share/code/resources/app/out/vs/workbench/workbench.desktop.main.js:65:49581
    at vscode-file://vscode-app/snap/code/99/usr/share/code/resources/app/out/vs/workbench/workbench.desktop.main.js:65:49734
    at m.invoke (vscode-file://vscode-app/snap/code/99/usr/share/code/resources/app/out/vs/workbench/workbench.desktop.main.js:67:145)
    at s.deliver (vscode-file://vscode-app/snap/code/99/usr/share/code/resources/app/out/vs/workbench/workbench.desktop.main.js:67:2265)
    at o.fire (vscode-file://vscode-app/snap/code/99/usr/share/code/resources/app/out/vs/workbench/workbench.desktop.main.js:67:1843)
    at vscode-file://vscode-app/snap/code/99/usr/share/code/resources/app/out/vs/workbench/workbench.desktop.main.js:65:49393
    at m.invoke (vscode-file://vscode-app/snap/code/99/usr/share/code/resources/app/out/vs/workbench/workbench.desktop.main.js:67:145)
    at s.deliver (vscode-file://vscode-app/snap/code/99/usr/share/code/resources/app/out/vs/workbench/workbench.desktop.main.js:67:2265)
    at o.fire (vscode-file://vscode-app/snap/code/99/usr/share/code/resources/app/out/vs/workbench/workbench.desktop.main.js:67:1843)
    at vscode-file://vscode-app/snap/code/99/usr/share/code/resources/app/out/vs/workbench/workbench.desktop.main.js:65:49581
    at m.invoke (vscode-file://vscode-app/snap/code/99/usr/share/code/resources/app/out/vs/workbench/workbench.desktop.main.js:67:145)
    at s.deliver (vscode-file://vscode-app/snap/code/99/usr/share/code/resources/app/out/vs/workbench/workbench.desktop.main.js:67:2265)
    at o.fire (vscode-file://vscode-app/snap/code/99/usr/share/code/resources/app/out/vs/workbench/workbench.desktop.main.js:67:1843)
    at Y (vscode-file://vscode-app/snap/code/99/usr/share/code/resources/app/out/vs/workbench/workbench.desktop.main.js:83:3415)
    at D.onResponse (vscode-file://vscode-app/snap/code/99/usr/share/code/resources/app/out/vs/workbench/workbench.desktop.main.js:83:4389)
    at D.onBuffer (vscode-file://vscode-app/snap/code/99/usr/share/code/resources/app/out/vs/workbench/workbench.desktop.main.js:83:4229)
    at vscode-file://vscode-app/snap/code/99/usr/share/code/resources/app/out/vs/workbench/workbench.desktop.main.js:83:1817
    at m.invoke (vscode-file://vscode-app/snap/code/99/usr/share/code/resources/app/out/vs/workbench/workbench.desktop.main.js:67:145)
    at s.deliver (vscode-file://vscode-app/snap/code/99/usr/share/code/resources/app/out/vs/workbench/workbench.desktop.main.js:67:2265)
    at o.fire (vscode-file://vscode-app/snap/code/99/usr/share/code/resources/app/out/vs/workbench/workbench.desktop.main.js:67:1843)
    at EventEmitter.Y (vscode-file://vscode-app/snap/code/99/usr/share/code/resources/app/out/vs/workbench/workbench.desktop.main.js:65:51343)
    at EventEmitter.emit (node:events:390:28)
    at Object.onMessage (node:electron/js2c/renderer_init:81:881)
[2022-07-06 20:55:12.210] [renderer1] [error] Cannot read properties of undefined (reading 'runtime'): TypeError: Cannot read properties of undefined (reading 'runtime')
    at N.onWindowFocusChanged (vscode-file://vscode-app/snap/code/99/usr/share/code/resources/app/out/vs/workbench/workbench.desktop.main.js:3054:11900)
    at vscode-file://vscode-app/snap/code/99/usr/share/code/resources/app/out/vs/workbench/workbench.desktop.main.js:3054:10638
    at m.invoke (vscode-file://vscode-app/snap/code/99/usr/share/code/resources/app/out/vs/workbench/workbench.desktop.main.js:67:145)
    at s.deliver (vscode-file://vscode-app/snap/code/99/usr/share/code/resources/app/out/vs/workbench/workbench.desktop.main.js:67:2265)
    at o.fire (vscode-file://vscode-app/snap/code/99/usr/share/code/resources/app/out/vs/workbench/workbench.desktop.main.js:67:1843)
    at vscode-file://vscode-app/snap/code/99/usr/share/code/resources/app/out/vs/workbench/workbench.desktop.main.js:65:49581
    at vscode-file://vscode-app/snap/code/99/usr/share/code/resources/app/out/vs/workbench/workbench.desktop.main.js:65:49734
    at m.invoke (vscode-file://vscode-app/snap/code/99/usr/share/code/resources/app/out/vs/workbench/workbench.desktop.main.js:67:145)
    at s.deliver (vscode-file://vscode-app/snap/code/99/usr/share/code/resources/app/out/vs/workbench/workbench.desktop.main.js:67:2265)
    at o.fire (vscode-file://vscode-app/snap/code/99/usr/share/code/resources/app/out/vs/workbench/workbench.desktop.main.js:67:1843)
    at vscode-file://vscode-app/snap/code/99/usr/share/code/resources/app/out/vs/workbench/workbench.desktop.main.js:65:49393
    at m.invoke (vscode-file://vscode-app/snap/code/99/usr/share/code/resources/app/out/vs/workbench/workbench.desktop.main.js:67:145)
    at s.deliver (vscode-file://vscode-app/snap/code/99/usr/share/code/resources/app/out/vs/workbench/workbench.desktop.main.js:67:2265)
    at o.fire (vscode-file://vscode-app/snap/code/99/usr/share/code/resources/app/out/vs/workbench/workbench.desktop.main.js:67:1843)
    at vscode-file://vscode-app/snap/code/99/usr/share/code/resources/app/out/vs/workbench/workbench.desktop.main.js:65:49581
    at m.invoke (vscode-file://vscode-app/snap/code/99/usr/share/code/resources/app/out/vs/workbench/workbench.desktop.main.js:67:145)
    at s.deliver (vscode-file://vscode-app/snap/code/99/usr/share/code/resources/app/out/vs/workbench/workbench.desktop.main.js:67:2265)
    at o.fire (vscode-file://vscode-app/snap/code/99/usr/share/code/resources/app/out/vs/workbench/workbench.desktop.main.js:67:1843)
    at Y (vscode-file://vscode-app/snap/code/99/usr/share/code/resources/app/out/vs/workbench/workbench.desktop.main.js:83:3415)
    at D.onResponse (vscode-file://vscode-app/snap/code/99/usr/share/code/resources/app/out/vs/workbench/workbench.desktop.main.js:83:4389)
    at D.onBuffer (vscode-file://vscode-app/snap/code/99/usr/share/code/resources/app/out/vs/workbench/workbench.desktop.main.js:83:4229)
    at vscode-file://vscode-app/snap/code/99/usr/share/code/resources/app/out/vs/workbench/workbench.desktop.main.js:83:1817
    at m.invoke (vscode-file://vscode-app/snap/code/99/usr/share/code/resources/app/out/vs/workbench/workbench.desktop.main.js:67:145)
    at s.deliver (vscode-file://vscode-app/snap/code/99/usr/share/code/resources/app/out/vs/workbench/workbench.desktop.main.js:67:2265)
    at o.fire (vscode-file://vscode-app/snap/code/99/usr/share/code/resources/app/out/vs/workbench/workbench.desktop.main.js:67:1843)
    at EventEmitter.Y (vscode-file://vscode-app/snap/code/99/usr/share/code/resources/app/out/vs/workbench/workbench.desktop.main.js:65:51343)
    at EventEmitter.emit (node:events:390:28)
    at Object.onMessage (node:electron/js2c/renderer_init:81:881)
